<?xml version="1.0" encoding="UTF-8"?>
<!-- Generated by org.testng.reporters.JUnitReportReporter -->
<testsuite hostname="POOLW42SLPC7756" failures="0" tests="2" name="Testcase.ApiTestCasepost" time="2.567" errors="0" timestamp="2022-12-09T17:36:40 IST" skipped="0">
  <testcase classname="Testcase.ApiTestCasepost" name="loginuser" time="2.188"/>
  <system-out/>
  <testcase classname="Testcase.ApiTestCasepost" name="loginuserinvalidpw" time="0.379"/>
  <system-out/>
</testsuite> <!-- Testcase.ApiTestCasepost -->
