<?xml version="1.0" encoding="UTF-8"?>
<!-- Generated by org.testng.reporters.JUnitReportReporter -->
<testsuite hostname="POOLW42SLPC7756" failures="0" tests="2" name="Testcase.ApiTestCase" time="2.915" errors="0" timestamp="2022-12-09T17:14:58 IST" skipped="0">
  <testcase classname="Testcase.ApiTestCase" name="loginuser" time="2.568"/>
  <system-out/>
  <testcase classname="Testcase.ApiTestCase" name="loginuserinvalidpw" time="0.347"/>
  <system-out/>
</testsuite> <!-- Testcase.ApiTestCase -->
