<?xml version="1.0" encoding="UTF-8"?>
<!-- Generated by org.testng.reporters.JUnitReportReporter -->
<testsuite hostname="POOLW42SLPC7756" failures="0" tests="2" name="Testcase.APIget" time="1.760" errors="0" timestamp="2022-12-09T17:34:00 IST" skipped="0">
  <testcase classname="Testcase.APIget" name="GeneralSetting" time="1.459"/>
  <system-out/>
  <testcase classname="Testcase.APIget" name="getBanner" time="0.301"/>
  <system-out/>
</testsuite> <!-- Testcase.APIget -->
