<?xml version="1.0" encoding="UTF-8"?>
<!-- Generated by org.testng.reporters.JUnitReportReporter -->
<testsuite hostname="POOLW42SLPC7756" failures="0" tests="7" name="Testcase.Addcoupon_Testcase" time="266.791" errors="0" timestamp="2022-12-09T12:24:28 IST" skipped="0">
  <testcase classname="Testcase.Addcoupon_Testcase" name="Valid_Data" time="51.262"/>
  <system-out/>
  <testcase classname="Testcase.Addcoupon_Testcase" name="Invalidspecial_Data" time="44.934"/>
  <system-out/>
  <testcase classname="Testcase.Addcoupon_Testcase" name="Invalidnum_Data" time="33.281"/>
  <system-out/>
  <testcase classname="Testcase.Addcoupon_Testcase" name="Invalidspaces_Data" time="32.312"/>
  <system-out/>
  <testcase classname="Testcase.Addcoupon_Testcase" name="Invaliddoubspaces_Data" time="35.029"/>
  <system-out/>
  <testcase classname="Testcase.Addcoupon_Testcase" name="Invalidnumspecial_Data" time="37.445"/>
  <system-out/>
  <testcase classname="Testcase.Addcoupon_Testcase" name="Invalidalphaspecial_Data" time="32.528"/>
  <system-out/>
</testsuite> <!-- Testcase.Addcoupon_Testcase -->
