<?xml version="1.0" encoding="UTF-8"?>
<!-- Generated by org.testng.reporters.JUnitReportReporter -->
<testsuite hostname="POOLW42SLPC7756" failures="0" tests="1" name="Testcase.Updatecategory_Testcase" time="26.873" errors="0" timestamp="2022-12-09T14:08:15 IST" skipped="0">
  <testcase classname="Testcase.Updatecategory_Testcase" name="Valid_Data" time="26.873"/>
  <system-out/>
</testsuite> <!-- Testcase.Updatecategory_Testcase -->
